[2013-07-02 17:29:07] UserSessionsTest::testMe.INFO: PASSED [] []
[2013-07-02 17:29:13] UserSessionsTest::testMe.INFO: PASSED [] []
[2013-07-02 17:29:22] UserSessionsTest::testMe.INFO: PASSED [] []
[2013-07-02 17:33:08] UserSessionsTest::testMe.INFO: PASSED [] []
[2013-07-02 17:33:18] UserSessionsTest::testMe.INFO: PASSED [] []
[2013-07-02 17:34:22] UserSessionsTest::testMe.INFO: PASSED [] []
[2013-07-02 17:34:25] UserSessionsTest::testMe.INFO: PASSED [] []
[2013-07-02 17:34:42] UserSessionsTest::testMe.INFO: PASSED [] []
[2013-07-02 17:34:46] UserSessionsTest::testMe.INFO: PASSED [] []
[2013-07-02 17:37:45] UserSessionsTest::testMe.ALERT: Argument 1 passed to PolyAuth\Sessions\UserSessions::__construct() must be an instance of PolyAuth\AuthStrategies\AuthStrategyInterface, none given, called in D:\wamp\www\polycademy_projects\PolyAuth\tests\unit\UserSessionsTest.php on line 24 and defined [] []
[2013-07-02 17:37:45] UserSessionsTest::testMe.INFO: # ERROR # [] []
[2013-07-02 17:37:45] UserSessionsTest::testMe.INFO: PASSED [] []
[2013-07-02 17:46:15] UserSessionsTest::testMe.INFO: PASSED [] []
[2013-07-02 17:55:32] UserSessionsTest::testMe.INFO: execute "lambda function" [] []
[2013-07-02 17:55:32] UserSessionsTest::testMe.ALERT: New steps were added to scenario in realtime. Can't proceed.
Remove loops from your unit test to fix it [] []
[2013-07-02 17:55:32] UserSessionsTest::testMe.INFO: # ERROR # [] []
[2013-07-02 17:55:32] UserSessionsTest::testMe.INFO: PASSED [] []
[2013-07-02 17:56:02] UserSessionsTest::testMe.INFO: PASSED [] []
[2013-07-02 17:56:12] UserSessionsTest::testMe.INFO: execute "lambda function" [] []
[2013-07-02 17:56:12] UserSessionsTest::testMe.ALERT: New steps were added to scenario in realtime. Can't proceed.
Remove loops from your unit test to fix it [] []
[2013-07-02 17:56:12] UserSessionsTest::testMe.INFO: # ERROR # [] []
[2013-07-02 17:56:12] UserSessionsTest::testMe.INFO: PASSED [] []
[2013-07-02 17:56:40] UserSessionsTest::testMe.INFO: PASSED [] []
[2013-07-02 17:58:15] UserSessionsTest::testMe.INFO: PASSED [] []
[2013-07-02 17:58:28] UserSessionsTest::testMe.INFO: PASSED [] []
[2013-07-02 17:58:45] UserSessionsTest::testMe.ALERT: Failed asserting that two strings are equal. [] []
[2013-07-02 17:58:45] UserSessionsTest::testMe.INFO: # FAILED # [] []
[2013-07-02 17:58:45] UserSessionsTest::testMe.INFO: PASSED [] []
[2013-07-02 17:59:39] UserSessionsTest::testMe.ALERT: Failed asserting that two strings are equal. [] []
[2013-07-02 17:59:39] UserSessionsTest::testMe.INFO: # FAILED # [] []
[2013-07-02 17:59:39] UserSessionsTest::testMe.INFO: PASSED [] []
[2013-07-02 18:00:08] UserSessionsTest::testMe.INFO: PASSED [] []
[2013-07-02 18:00:19] UserSessionsTest::testMe.ALERT: Failed asserting that two strings are equal. [] []
[2013-07-02 18:00:19] UserSessionsTest::testMe.INFO: # FAILED # [] []
[2013-07-02 18:00:19] UserSessionsTest::testMe.INFO: PASSED [] []
[2013-07-02 18:00:59] UserSessionsTest::testMe.ALERT: Failed asserting that two strings are equal. [] []
[2013-07-02 18:00:59] UserSessionsTest::testMe.INFO: # FAILED # [] []
[2013-07-02 18:00:59] UserSessionsTest::testMe.INFO: PASSED [] []
[2013-07-02 18:03:18] UserSessionsTest::testMe.ALERT: Failed asserting that two strings are equal. [] []
[2013-07-02 18:03:18] UserSessionsTest::testMe.INFO: # FAILED # [] []
[2013-07-02 18:03:18] UserSessionsTest::testMe.INFO: PASSED [] []
[2013-07-02 18:03:35] UserSessionsTest::testMe.ALERT: Failed asserting that two strings are equal. [] []
[2013-07-02 18:03:35] UserSessionsTest::testMe.INFO: # FAILED # [] []
[2013-07-02 18:03:35] UserSessionsTest::testMe.INFO: PASSED [] []
[2013-07-02 18:03:55] UserSessionsTest::testMe.INFO: PASSED [] []
[2013-07-02 18:04:11] UserSessionsTest::testMe.INFO: PASSED [] []
[2013-07-02 18:05:51] UserSessionsTest::testMe.INFO: PASSED [] []
[2013-07-02 18:06:31] UserSessionsTest::testMe.INFO: PASSED [] []
[2013-07-02 18:06:46] UserSessionsTest::testMe.INFO: PASSED [] []
[2013-07-02 18:06:46] UserSessionsTest::testAnother.INFO: PASSED [] []
[2013-07-02 18:08:55] UserSessionsTest::testMe.INFO: PASSED [] []
[2013-07-02 18:08:55] UserSessionsTest::testAnother.INFO: PASSED [] []
[2013-07-02 18:09:27] UserSessionsTest::testMe.INFO: PASSED [] []
[2013-07-02 18:09:27] UserSessionsTest::testAnother.INFO: PASSED [] []
[2013-07-02 18:10:21] UserSessionsTest::testMe.INFO: PASSED [] []
[2013-07-02 18:10:21] UserSessionsTest::testAnother.INFO: PASSED [] []
[2013-07-02 18:11:36] UserSessionsTest::testMe.INFO: PASSED [] []
[2013-07-02 18:11:36] UserSessionsTest::testAnother.INFO: PASSED [] []
[2013-07-02 18:12:11] UserSessionsTest::testMe.INFO: PASSED [] []
[2013-07-02 18:12:12] UserSessionsTest::testAnother.INFO: PASSED [] []
[2013-07-02 18:12:27] UserSessionsTest::testMe.INFO: PASSED [] []
[2013-07-02 18:12:28] UserSessionsTest::testAnother.INFO: PASSED [] []
[2013-07-02 18:25:54] UserSessionsTest::testMe.ALERT: Call to undefined method CodeGuy::dump [] []
[2013-07-02 18:25:54] UserSessionsTest::testMe.INFO: # ERROR # [] []
[2013-07-02 18:25:54] UserSessionsTest::testMe.INFO: PASSED [] []
[2013-07-02 18:27:19] UserSessionsTest::testMe.INFO: dump "Blah" [] []
[2013-07-02 18:27:19] UserSessionsTest::testMe.INFO: PASSED [] []
[2013-07-02 18:29:53] UserSessionsTest::testMe.INFO: dump "Blah" [] []
[2013-07-02 18:31:37] UserSessionsTest::testMe.INFO: dump "Blah" [] []
[2013-07-02 18:31:37] UserSessionsTest::testMe.INFO: dump null [] []
[2013-07-02 18:31:37] UserSessionsTest::testMe.INFO: PASSED [] []
[2013-07-02 18:33:46] UserSessionsTest::testMe.INFO: dump null [] []
[2013-07-02 18:33:46] UserSessionsTest::testMe.INFO: dump "Blah" [] []
[2013-07-02 18:33:46] UserSessionsTest::testMe.INFO: PASSED [] []
[2013-07-02 18:34:44] UserSessionsTest::testMe.ALERT: Argument 1 passed to PolyAuth\AuthStrategies\CookieStrategy::__construct() must be an instance of PDO, null given, called in D:\wamp\www\polycademy_projects\PolyAuth\tests\unit\UserSessionsTest.php on line 18 and defined [] []
[2013-07-02 18:34:44] UserSessionsTest::testMe.INFO: # ERROR # [] []
[2013-07-02 18:34:44] UserSessionsTest::testMe.INFO: PASSED [] []
[2013-07-02 18:36:34] UserSessionsTest::testMe.ALERT: Argument 1 passed to PolyAuth\AuthStrategies\CookieStrategy::__construct() must be an instance of PDO, null given, called in D:\wamp\www\polycademy_projects\PolyAuth\tests\unit\UserSessionsTest.php on line 18 and defined [] []
[2013-07-02 18:36:34] UserSessionsTest::testMe.INFO: # ERROR # [] []
[2013-07-02 18:36:34] UserSessionsTest::testMe.INFO: PASSED [] []
[2013-07-02 18:46:48] UserSessionsTest::testMe.INFO: dump "Codeception\Module\Db" [] []
[2013-07-02 18:46:48] UserSessionsTest::testMe.INFO: dump "Blah" [] []
[2013-07-02 18:46:48] UserSessionsTest::testMe.INFO: PASSED [] []
[2013-07-02 18:47:46] UserSessionsTest::testMe.INFO: dump "Codeception\Util\Driver\MySql" [] []
[2013-07-02 18:47:46] UserSessionsTest::testMe.INFO: dump "Blah" [] []
[2013-07-02 18:47:46] UserSessionsTest::testMe.INFO: PASSED [] []
[2013-07-02 18:49:44] UserSessionsTest::testMe.INFO: dump "PDO" [] []
[2013-07-02 18:49:44] UserSessionsTest::testMe.INFO: dump "Blah" [] []
[2013-07-02 18:49:44] UserSessionsTest::testMe.INFO: PASSED [] []
[2013-07-02 18:50:10] UserSessionsTest::testMe.INFO: dump "Blah" [] []
[2013-07-02 18:50:10] UserSessionsTest::testMe.INFO: PASSED [] []
[2013-07-02 18:56:21] UserSessionsTest::testMe.INFO: dump "Blah" [] []
[2013-07-02 18:56:21] UserSessionsTest::testMe.INFO: PASSED [] []
[2013-07-02 18:56:44] UserSessionsTest::testMe.INFO: dump "PolyAuth\Sessions\UserSessions" [] []
[2013-07-02 18:56:44] UserSessionsTest::testMe.INFO: PASSED [] []
[2013-07-02 18:58:43] UserSessionsWithCookiesTest::testMe.INFO: PASSED [] []
[2013-07-02 18:58:56] UserSessionsWithCookiesTest::testMe.INFO: PASSED [] []
[2013-07-02 19:03:22] UserSessionsWithCookiesTest::testConstruction.INFO: PASSED [] []
[2013-07-02 19:03:37] UserSessionsWithCookiesTest::testConstruction.ALERT: Failed asserting that PolyAuth\Sessions\UserSessions Object (...) is an instance of class "PolyAuth\Sessions\SessionZone". [] []
[2013-07-02 19:03:37] UserSessionsWithCookiesTest::testConstruction.INFO: # FAILED # [] []
[2013-07-02 19:03:37] UserSessionsWithCookiesTest::testConstruction.INFO: PASSED [] []
[2013-07-02 19:05:50] UserSessionsWithCookiesTest::testConstruction.INFO: PASSED [] []
[2013-07-02 19:06:06] UserSessionsWithCookiesTest::testConstruction.ALERT: Argument #1 of PHPUnit_Framework_Assert::assertInstanceOf() must be a class or interface name [] []
[2013-07-02 19:06:06] UserSessionsWithCookiesTest::testConstruction.INFO: # ERROR # [] []
[2013-07-02 19:06:06] UserSessionsWithCookiesTest::testConstruction.INFO: PASSED [] []
[2013-07-02 19:10:54] UserSessionsWithCookiesTest::testConstructionAndImplementation.INFO: PASSED [] []
[2013-07-02 19:10:55] UserSessionsWithCookiesTest::testSessionTracking.ALERT: session_start(): Cannot send session cookie - headers already sent by (output started at D:\wamp\www\polycademy_projects\PolyAuth\vendor\codeception\codeception\src\Codeception\Output.php:26) [] []
[2013-07-02 19:10:55] UserSessionsWithCookiesTest::testSessionTracking.INFO: # ERROR # [] []
[2013-07-02 19:10:55] UserSessionsWithCookiesTest::testSessionTracking.INFO: PASSED [] []
[2013-07-02 19:14:30] UserSessionsWithCookiesTest::testConstructionAndImplementation.INFO: PASSED [] []
[2013-07-02 19:14:30] UserSessionsWithCookiesTest::testSessionTracking.ALERT: session_start(): Cannot send session cookie - headers already sent by (output started at D:\wamp\www\polycademy_projects\PolyAuth\vendor\codeception\codeception\src\Codeception\Output.php:26) [] []
[2013-07-02 19:14:30] UserSessionsWithCookiesTest::testSessionTracking.INFO: # ERROR # [] []
[2013-07-02 19:14:30] UserSessionsWithCookiesTest::testSessionTracking.INFO: PASSED [] []
[2013-07-02 19:15:32] UserSessionsWithCookiesTest::testConstructionAndImplementation.INFO: PASSED [] []
[2013-07-02 19:15:33] UserSessionsWithCookiesTest::testSessionTracking.ALERT: session_start(): Cannot send session cookie - headers already sent by (output started at D:\wamp\www\polycademy_projects\PolyAuth\vendor\codeception\codeception\src\Codeception\Output.php:26) [] []
[2013-07-02 19:15:33] UserSessionsWithCookiesTest::testSessionTracking.INFO: # ERROR # [] []
[2013-07-02 19:15:33] UserSessionsWithCookiesTest::testSessionTracking.INFO: PASSED [] []
[2013-07-02 19:17:51] UserSessionsWithCookiesTest::testConstructionAndImplementation.INFO: PASSED [] []
[2013-07-02 19:17:51] UserSessionsWithCookiesTest::testSessionTracking.ALERT: session_start(): Cannot send session cookie - headers already sent by (output started at D:\wamp\www\polycademy_projects\PolyAuth\vendor\codeception\codeception\src\Codeception\Output.php:26) [] []
[2013-07-02 19:17:51] UserSessionsWithCookiesTest::testSessionTracking.INFO: # ERROR # [] []
[2013-07-02 19:17:51] UserSessionsWithCookiesTest::testSessionTracking.INFO: PASSED [] []
[2013-07-02 19:23:19] UserSessionsWithCookiesTest::testConstructionAndImplementation.INFO: PASSED [] []
[2013-07-02 19:23:20] UserSessionsWithCookiesTest::testSessionTracking.ALERT: session_start(): Cannot send session cookie - headers already sent by (output started at D:\wamp\www\polycademy_projects\PolyAuth\vendor\codeception\codeception\src\Codeception\Output.php:26) [] []
[2013-07-02 19:23:20] UserSessionsWithCookiesTest::testSessionTracking.INFO: # ERROR # [] []
[2013-07-02 19:23:20] UserSessionsWithCookiesTest::testSessionTracking.INFO: PASSED [] []
[2013-07-02 19:23:42] UserSessionsWithCookiesTest::testConstructionAndImplementation.INFO: PASSED [] []
[2013-07-02 19:23:43] UserSessionsWithCookiesTest::testSessionTracking.ALERT: session_start(): Cannot send session cookie - headers already sent by (output started at D:\wamp\www\polycademy_projects\PolyAuth\vendor\codeception\codeception\src\Codeception\Output.php:26) [] []
[2013-07-02 19:23:43] UserSessionsWithCookiesTest::testSessionTracking.INFO: # ERROR # [] []
[2013-07-02 19:23:43] UserSessionsWithCookiesTest::testSessionTracking.INFO: PASSED [] []
[2013-07-02 19:23:58] UserSessionsWithCookiesTest::testConstructionAndImplementation.INFO: PASSED [] []
[2013-07-02 19:23:58] UserSessionsWithCookiesTest::testSessionTracking.ALERT: session_start(): Cannot send session cookie - headers already sent by (output started at D:\wamp\www\polycademy_projects\PolyAuth\vendor\codeception\codeception\src\Codeception\Output.php:26) [] []
[2013-07-02 19:23:58] UserSessionsWithCookiesTest::testSessionTracking.INFO: # ERROR # [] []
[2013-07-02 19:23:58] UserSessionsWithCookiesTest::testSessionTracking.INFO: PASSED [] []
[2013-07-02 19:30:27] UserSessionsWithCookiesTest::testConstructionAndImplementation.INFO: PASSED [] []
[2013-07-02 19:30:27] UserSessionsWithCookiesTest::testSessionTracking.INFO: dump {"user_id":false,"anonymous":true,"timeout":1372793427} [] []
[2013-07-02 19:30:27] UserSessionsWithCookiesTest::testSessionTracking.INFO: PASSED [] []
[2013-07-02 19:32:59] PolyAuth\Sessions\UserSessionsTest::testMe.INFO: PASSED [] []
[2013-07-02 19:32:59] UserSessionsWithCookiesTest::testConstructionAndImplementation.INFO: PASSED [] []
[2013-07-02 19:33:00] UserSessionsWithCookiesTest::testSessionTracking.INFO: dump {"user_id":false,"anonymous":true,"timeout":1372793580} [] []
[2013-07-02 19:33:00] UserSessionsWithCookiesTest::testSessionTracking.INFO: PASSED [] []
[2013-07-02 19:37:44] PolyAuth\Sessions\UserSessionsWithCookiesTest::testConstructionAndImplementation.INFO: PASSED [] []
[2013-07-02 19:37:44] PolyAuth\Sessions\UserSessionsWithCookiesTest::testSessionTracking.INFO: dump {"user_id":false,"anonymous":true,"timeout":1372793864} [] []
[2013-07-02 19:37:44] PolyAuth\Sessions\UserSessionsWithCookiesTest::testSessionTracking.INFO: PASSED [] []
[2013-07-02 19:45:04] PolyAuth\Sessions\UserSessionsWithCookiesTest::testConstructionAndImplementation.INFO: PASSED [] []
[2013-07-02 19:45:21] PolyAuth\Sessions\UserSessionsWithCookiesTest::testConstructionAndImplementation.INFO: PASSED [] []
[2013-07-02 19:45:22] PolyAuth\Sessions\UserSessionsWithCookiesTest::testSessionTracking.INFO: PASSED [] []
[2013-07-02 19:46:43] PolyAuth\Sessions\UserSessionsWithCookiesTest::testConstructionAndImplementation.INFO: PASSED [] []
[2013-07-02 19:46:43] PolyAuth\Sessions\UserSessionsWithCookiesTest::testSessionTracking.INFO: PASSED [] []
[2013-07-02 19:46:43] PolyAuth\Sessions\UserSessionsWithCookiesTest::testAutologin.INFO: PASSED [] []
[2013-07-02 19:51:40] PolyAuth\Sessions\UserSessionsWithCookiesTest::testConstructionAndImplementation.INFO: PASSED [] []
[2013-07-02 19:51:40] PolyAuth\Sessions\UserSessionsWithCookiesTest::testSessionTracking.INFO: PASSED [] []
[2013-07-02 19:51:41] PolyAuth\Sessions\UserSessionsWithCookiesTest::testLogin.ALERT: SQLSTATE[HY000]: General error [] []
[2013-07-02 19:51:41] PolyAuth\Sessions\UserSessionsWithCookiesTest::testLogin.INFO: # ERROR # [] []
[2013-07-02 19:51:41] PolyAuth\Sessions\UserSessionsWithCookiesTest::testLogin.INFO: PASSED [] []
[2013-07-02 19:59:19] PolyAuth\Sessions\UserSessionsWithCookiesTest::testConstructionAndImplementation.INFO: PASSED [] []
[2013-07-02 19:59:20] PolyAuth\Sessions\UserSessionsWithCookiesTest::testSessionTracking.INFO: PASSED [] []
[2013-07-02 19:59:20] PolyAuth\Sessions\UserSessionsWithCookiesTest::testLogin.ALERT: SQLSTATE[HY000]: General error [] []
[2013-07-02 19:59:20] PolyAuth\Sessions\UserSessionsWithCookiesTest::testLogin.INFO: # ERROR # [] []
[2013-07-02 19:59:20] PolyAuth\Sessions\UserSessionsWithCookiesTest::testLogin.INFO: PASSED [] []
[2013-07-02 20:01:57] PolyAuth\Sessions\UserSessionsWithCookiesTest::testConstructionAndImplementation.INFO: PASSED [] []
[2013-07-02 20:01:57] PolyAuth\Sessions\UserSessionsWithCookiesTest::testSessionTracking.INFO: PASSED [] []
[2013-07-02 20:01:58] PolyAuth\Sessions\UserSessionsWithCookiesTest::testLogin.INFO: PASSED [] []
[2013-07-02 20:04:40] PolyAuth\Sessions\UserSessionsWithCookiesTest::testConstructionAndImplementation.INFO: PASSED [] []
[2013-07-02 20:04:41] PolyAuth\Sessions\UserSessionsWithCookiesTest::testSessionTracking.INFO: PASSED [] []
[2013-07-02 20:04:41] PolyAuth\Sessions\UserSessionsWithCookiesTest::testLogin.INFO: PASSED [] []
[2013-07-02 20:06:11] PolyAuth\Sessions\UserSessionsWithCookiesTest::testConstructionAndImplementation.INFO: PASSED [] []
[2013-07-02 20:06:11] PolyAuth\Sessions\UserSessionsWithCookiesTest::testSessionTracking.INFO: PASSED [] []
[2013-07-02 20:06:12] PolyAuth\Sessions\UserSessionsWithCookiesTest::testLogin.ALERT: Failed asserting that null matches expected 'administrator'. [] []
[2013-07-02 20:06:12] PolyAuth\Sessions\UserSessionsWithCookiesTest::testLogin.INFO: # FAILED # [] []
[2013-07-02 20:06:12] PolyAuth\Sessions\UserSessionsWithCookiesTest::testLogin.INFO: PASSED [] []
[2013-07-02 20:06:40] PolyAuth\Sessions\UserSessionsWithCookiesTest::testConstructionAndImplementation.INFO: PASSED [] []
[2013-07-02 20:06:41] PolyAuth\Sessions\UserSessionsWithCookiesTest::testSessionTracking.INFO: PASSED [] []
[2013-07-02 20:06:41] PolyAuth\Sessions\UserSessionsWithCookiesTest::testLogin.INFO: dump "PolyAuth\UserAccount" [] []
[2013-07-02 20:06:41] PolyAuth\Sessions\UserSessionsWithCookiesTest::testLogin.INFO: PASSED [] []
[2013-07-02 20:09:17] PolyAuth\Sessions\UserSessionsWithCookiesTest::testConstructionAndImplementation.INFO: PASSED [] []
[2013-07-02 20:09:18] PolyAuth\Sessions\UserSessionsWithCookiesTest::testSessionTracking.INFO: PASSED [] []
[2013-07-02 20:09:18] PolyAuth\Sessions\UserSessionsWithCookiesTest::testLogin.INFO: PASSED [] []
